[2024-03-26T19:47:25.185+0000] {taskinstance.py:1979} INFO - Dependencies all met for dep_context=non-requeueable deps ti=<TaskInstance: bash_demo.templated manual__2024-03-26T19:47:21.415963+00:00 [queued]>
[2024-03-26T19:47:25.197+0000] {taskinstance.py:1979} INFO - Dependencies all met for dep_context=requeueable deps ti=<TaskInstance: bash_demo.templated manual__2024-03-26T19:47:21.415963+00:00 [queued]>
[2024-03-26T19:47:25.197+0000] {taskinstance.py:2193} INFO - Starting attempt 1 of 2
[2024-03-26T19:47:25.214+0000] {taskinstance.py:2217} INFO - Executing <Task(BashOperator): templated> on 2024-03-26 19:47:21.415963+00:00
[2024-03-26T19:47:25.224+0000] {standard_task_runner.py:60} INFO - Started process 413 to run task
[2024-03-26T19:47:25.227+0000] {standard_task_runner.py:87} INFO - Running: ['***', 'tasks', 'run', 'bash_demo', 'templated', 'manual__2024-03-26T19:47:21.415963+00:00', '--job-id', '19', '--raw', '--subdir', 'DAGS_FOLDER/first-dag/quick_bash.py', '--cfg-path', '/tmp/tmp_96axahc']
[2024-03-26T19:47:25.231+0000] {standard_task_runner.py:88} INFO - Job 19: Subtask templated
[2024-03-26T19:47:25.296+0000] {task_command.py:423} INFO - Running <TaskInstance: bash_demo.templated manual__2024-03-26T19:47:21.415963+00:00 [running]> on host 41e79bfa3b0c
[2024-03-26T19:47:25.397+0000] {taskinstance.py:2513} INFO - Exporting env vars: AIRFLOW_CTX_DAG_EMAIL='***@example.com' AIRFLOW_CTX_DAG_OWNER='***' AIRFLOW_CTX_DAG_ID='bash_demo' AIRFLOW_CTX_TASK_ID='templated' AIRFLOW_CTX_EXECUTION_DATE='2024-03-26T19:47:21.415963+00:00' AIRFLOW_CTX_TRY_NUMBER='1' AIRFLOW_CTX_DAG_RUN_ID='manual__2024-03-26T19:47:21.415963+00:00'
[2024-03-26T19:47:25.399+0000] {subprocess.py:63} INFO - Tmp dir root location: /tmp
[2024-03-26T19:47:25.400+0000] {subprocess.py:75} INFO - Running command: ['/usr/bin/bash', '-c', '\n\n    echo "2024-03-26"\n    echo "2024-04-02"\n\n    echo "2024-03-26"\n    echo "2024-04-02"\n\n    echo "2024-03-26"\n    echo "2024-04-02"\n\n    echo "2024-03-26"\n    echo "2024-04-02"\n\n    echo "2024-03-26"\n    echo "2024-04-02"\n']
[2024-03-26T19:47:25.415+0000] {subprocess.py:86} INFO - Output:
[2024-03-26T19:47:25.417+0000] {subprocess.py:93} INFO - 2024-03-26
[2024-03-26T19:47:25.418+0000] {subprocess.py:93} INFO - 2024-04-02
[2024-03-26T19:47:25.418+0000] {subprocess.py:93} INFO - 2024-03-26
[2024-03-26T19:47:25.418+0000] {subprocess.py:93} INFO - 2024-04-02
[2024-03-26T19:47:25.419+0000] {subprocess.py:93} INFO - 2024-03-26
[2024-03-26T19:47:25.419+0000] {subprocess.py:93} INFO - 2024-04-02
[2024-03-26T19:47:25.419+0000] {subprocess.py:93} INFO - 2024-03-26
[2024-03-26T19:47:25.419+0000] {subprocess.py:93} INFO - 2024-04-02
[2024-03-26T19:47:25.419+0000] {subprocess.py:93} INFO - 2024-03-26
[2024-03-26T19:47:25.420+0000] {subprocess.py:93} INFO - 2024-04-02
[2024-03-26T19:47:25.420+0000] {subprocess.py:97} INFO - Command exited with return code 0
[2024-03-26T19:47:25.448+0000] {taskinstance.py:1149} INFO - Marking task as SUCCESS. dag_id=bash_demo, task_id=templated, execution_date=20240326T194721, start_date=20240326T194725, end_date=20240326T194725
[2024-03-26T19:47:25.488+0000] {local_task_job_runner.py:234} INFO - Task exited with return code 0
[2024-03-26T19:47:25.505+0000] {taskinstance.py:3312} INFO - 0 downstream tasks scheduled from follow-on schedule check
